<?xml version="1.0" encoding="UTF-8"?>
<testng-results skipped="0" failed="0" ignored="0" total="1" passed="1">
  <reporter-output>
  </reporter-output>
  <suite name="Practice Suite" duration-ms="13898" started-at="2022-04-05T09:59:02 PDT" finished-at="2022-04-05T09:59:16 PDT">
    <groups>
    </groups>
    <test name="Test Basics 2" duration-ms="13898" started-at="2022-04-05T09:59:02 PDT" finished-at="2022-04-05T09:59:16 PDT">
      <class name="com.companyname.tests.LoginTest">
        <test-method status="PASS" signature="setUp()[pri:0, instance:com.companyname.tests.LoginTest@4d1b0d2a]" name="setUp" is-config="true" duration-ms="5197" started-at="2022-04-05T09:59:02 PDT" finished-at="2022-04-05T09:59:07 PDT">
          <reporter-output>
          </reporter-output>
        </test-method> <!-- setUp -->
        <test-method status="PASS" signature="loginValidation()[pri:0, instance:com.companyname.tests.LoginTest@4d1b0d2a]" name="loginValidation" duration-ms="8649" started-at="2022-04-05T09:59:07 PDT" finished-at="2022-04-05T09:59:16 PDT">
          <reporter-output>
          </reporter-output>
        </test-method> <!-- loginValidation -->
      </class> <!-- com.companyname.tests.LoginTest -->
    </test> <!-- Test Basics 2 -->
  </suite> <!-- Practice Suite -->
</testng-results>
